<?xml version="1.0" encoding="UTF-8"?>
<!-- Generated by org.testng.reporters.JUnitReportReporter -->
<testsuite skipped="0" hostname="GVENKATESWARA-LP" name="testngtraining.AnnotationsTest" tests="5" failures="0" timestamp="2022-07-21T07:54:48 IST" time="0.016" errors="0">
  <testcase name="b" time="0.006" classname="testngtraining.AnnotationsTest"/>
  <system-out/>
  <testcase name="d" time="0.002" classname="testngtraining.AnnotationsTest"/>
  <system-out/>
  <testcase name="a" time="0.002" classname="testngtraining.AnnotationsTest"/>
  <system-out/>
  <testcase name="zero" time="0.004" classname="testngtraining.AnnotationsTest"/>
  <system-out/>
  <testcase name="c" time="0.002" classname="testngtraining.AnnotationsTest"/>
  <system-out/>
</testsuite> <!-- testngtraining.AnnotationsTest -->
