<?xml version="1.0" encoding="UTF-8"?>
<!-- Generated by org.testng.reporters.JUnitReportReporter -->
<testsuite skipped="1" hostname="GVENKATESWARA-LP" name="testngtraining.FirstTest" tests="4" failures="0" timestamp="2022-07-22T07:43:31 IST" time="0.013" errors="0">
  <testcase name="login" time="0.009" classname="testngtraining.FirstTest"/>
  <system-out/>
  <testcase name="verifyDivideNumbersTest" time="0.002" classname="testngtraining.FirstTest"/>
  <system-out/>
  <testcase name="verifyMultipleNumbersTest" time="0.002" classname="testngtraining.FirstTest"/>
  <system-out/>
  <testcase name="verifyAddingNumbersTest" classname="testngtraining.FirstTest">
    <skipped/>
  </testcase> <!-- verifyAddingNumbersTest -->
  <system-out/>
</testsuite> <!-- testngtraining.FirstTest -->
